<?xml version="1.0" encoding="UTF-8"?>
<testsuite xmlns:xsi="http://www.w3.org/2001/XMLSchema-instance" xsi:noNamespaceSchemaLocation="https://maven.apache.org/surefire/maven-surefire-plugin/xsd/surefire-test-report.xsd" name="com.qf.j1902.test.TagTest" time="4.625" tests="3" errors="0" skipped="0" failures="0">
  <properties>
    <property name="sun.desktop" value="windows"/>
    <property name="awt.toolkit" value="sun.awt.windows.WToolkit"/>
    <property name="file.encoding.pkg" value="sun.io"/>
    <property name="java.specification.version" value="1.8"/>
    <property name="sun.cpu.isalist" value="amd64"/>
    <property name="sun.jnu.encoding" value="GBK"/>
    <property name="java.class.path" value="D:\javaTeacher\xuexiziliao\ideacode\j1902_fangfan_zhongchou\target\test-classes;D:\javaTeacher\xuexiziliao\ideacode\j1902_fangfan_zhongchou\target\classes;D:\javalibrary\repository\org\apache\commons\commons-email\1.4\commons-email-1.4.jar;D:\javalibrary\repository\com\sun\mail\javax.mail\1.5.2\javax.mail-1.5.2.jar;D:\javalibrary\repository\javax\activation\activation\1.1.1\activation-1.1.1.jar;D:\javalibrary\repository\commons-httpclient\commons-httpclient\3.1\commons-httpclient-3.1.jar;D:\javalibrary\repository\commons-codec\commons-codec\1.2\commons-codec-1.2.jar;D:\javalibrary\repository\commons-logging\commons-logging\1.1.1\commons-logging-1.1.1.jar;D:\javalibrary\repository\commons-collections\commons-collections\3.2.1\commons-collections-3.2.1.jar;D:\javalibrary\repository\org\apache\commons\commons-lang3\3.3.2\commons-lang3-3.3.2.jar;D:\javalibrary\repository\net\sf\ezmorph\ezmorph\1.0.6\ezmorph-1.0.6.jar;D:\javalibrary\repository\commons-lang\commons-lang\2.3\commons-lang-2.3.jar;D:\javalibrary\repository\net\sf\json-lib\json-lib\2.2.3\json-lib-2.2.3-jdk15.jar;D:\javalibrary\repository\commons-beanutils\commons-beanutils\1.7.0\commons-beanutils-1.7.0.jar;D:\javalibrary\repository\org\apache\httpcomponents\httpclient\4.3.5\httpclient-4.3.5.jar;D:\javalibrary\repository\org\apache\httpcomponents\httpcore\4.3.2\httpcore-4.3.2.jar;D:\javalibrary\repository\org\apache\httpcomponents\httpmime\4.3.6\httpmime-4.3.6.jar;D:\javalibrary\repository\commons-fileupload\commons-fileupload\1.3.3\commons-fileupload-1.3.3.jar;D:\javalibrary\repository\commons-io\commons-io\2.6\commons-io-2.6.jar;D:\javalibrary\repository\org\thymeleaf\thymeleaf\3.0.6.RELEASE\thymeleaf-3.0.6.RELEASE.jar;D:\javalibrary\repository\ognl\ognl\3.1.12\ognl-3.1.12.jar;D:\javalibrary\repository\org\javassist\javassist\3.20.0-GA\javassist-3.20.0-GA.jar;D:\javalibrary\repository\org\attoparser\attoparser\2.0.4.RELEASE\attoparser-2.0.4.RELEASE.jar;D:\javalibrary\repository\org\unbescape\unbescape\1.1.4.RELEASE\unbescape-1.1.4.RELEASE.jar;D:\javalibrary\repository\org\slf4j\slf4j-api\1.6.6\slf4j-api-1.6.6.jar;D:\javalibrary\repository\org\thymeleaf\thymeleaf-spring4\3.0.6.RELEASE\thymeleaf-spring4-3.0.6.RELEASE.jar;D:\javalibrary\repository\org\projectlombok\lombok\1.18.4\lombok-1.18.4.jar;D:\javalibrary\repository\jstl\jstl\1.2\jstl-1.2.jar;D:\javalibrary\repository\javax\servlet\jsp\jsp-api\2.2\jsp-api-2.2.jar;D:\javalibrary\repository\com\fasterxml\jackson\core\jackson-databind\2.8.6\jackson-databind-2.8.6.jar;D:\javalibrary\repository\com\fasterxml\jackson\core\jackson-annotations\2.8.0\jackson-annotations-2.8.0.jar;D:\javalibrary\repository\com\fasterxml\jackson\core\jackson-core\2.8.6\jackson-core-2.8.6.jar;D:\javalibrary\repository\org\springframework\spring-webmvc\4.3.6.RELEASE\spring-webmvc-4.3.6.RELEASE.jar;D:\javalibrary\repository\org\springframework\spring-aop\4.3.6.RELEASE\spring-aop-4.3.6.RELEASE.jar;D:\javalibrary\repository\org\springframework\spring-beans\4.3.6.RELEASE\spring-beans-4.3.6.RELEASE.jar;D:\javalibrary\repository\org\springframework\spring-core\4.3.6.RELEASE\spring-core-4.3.6.RELEASE.jar;D:\javalibrary\repository\org\springframework\spring-expression\4.3.6.RELEASE\spring-expression-4.3.6.RELEASE.jar;D:\javalibrary\repository\org\springframework\spring-jdbc\4.3.6.RELEASE\spring-jdbc-4.3.6.RELEASE.jar;D:\javalibrary\repository\org\springframework\spring-tx\4.3.6.RELEASE\spring-tx-4.3.6.RELEASE.jar;D:\javalibrary\repository\org\springframework\spring-web\4.3.6.RELEASE\spring-web-4.3.6.RELEASE.jar;D:\javalibrary\repository\javax\servlet\javax.servlet-api\3.0.1\javax.servlet-api-3.0.1.jar;D:\javalibrary\repository\org\springframework\spring-context\4.3.6.RELEASE\spring-context-4.3.6.RELEASE.jar;D:\javalibrary\repository\com\alibaba\druid\1.0.26\druid-1.0.26.jar;C:\Program Files\Java\jdk1.8.0_51\jre\..\lib\jconsole.jar;C:\Program Files\Java\jdk1.8.0_51\jre\..\lib\tools.jar;D:\javalibrary\repository\org\mybatis\mybatis-spring\1.3.2\mybatis-spring-1.3.2.jar;D:\javalibrary\repository\org\mybatis\mybatis\3.4.6\mybatis-3.4.6.jar;D:\javalibrary\repository\mysql\mysql-connector-java\5.1.32\mysql-connector-java-5.1.32.jar;D:\javalibrary\repository\junit\junit\4.12\junit-4.12.jar;D:\javalibrary\repository\org\hamcrest\hamcrest-core\1.3\hamcrest-core-1.3.jar;"/>
    <property name="java.vm.vendor" value="Oracle Corporation"/>
    <property name="sun.arch.data.model" value="64"/>
    <property name="user.variant" value=""/>
    <property name="java.vendor.url" value="http://java.oracle.com/"/>
    <property name="user.timezone" value="Asia/Shanghai"/>
    <property name="java.vm.specification.version" value="1.8"/>
    <property name="os.name" value="Windows 7"/>
    <property name="user.country" value="CN"/>
    <property name="sun.java.launcher" value="SUN_STANDARD"/>
    <property name="sun.boot.library.path" value="C:\Program Files\Java\jdk1.8.0_51\jre\bin"/>
    <property name="sun.java.command" value="C:\Users\ADMINI~1.USE\AppData\Local\Temp\surefire242876963275431291\surefirebooter5340750279079447360.jar C:\Users\Administrator.USER-20190225JG\AppData\Local\Temp\surefire242876963275431291 2019-06-19T21-26-18_066-jvmRun1 surefire7173834529037549020tmp surefire_02787821006918597886tmp"/>
    <property name="surefire.test.class.path" value="D:\javaTeacher\xuexiziliao\ideacode\j1902_fangfan_zhongchou\target\test-classes;D:\javaTeacher\xuexiziliao\ideacode\j1902_fangfan_zhongchou\target\classes;D:\javalibrary\repository\org\apache\commons\commons-email\1.4\commons-email-1.4.jar;D:\javalibrary\repository\com\sun\mail\javax.mail\1.5.2\javax.mail-1.5.2.jar;D:\javalibrary\repository\javax\activation\activation\1.1.1\activation-1.1.1.jar;D:\javalibrary\repository\commons-httpclient\commons-httpclient\3.1\commons-httpclient-3.1.jar;D:\javalibrary\repository\commons-codec\commons-codec\1.2\commons-codec-1.2.jar;D:\javalibrary\repository\commons-logging\commons-logging\1.1.1\commons-logging-1.1.1.jar;D:\javalibrary\repository\commons-collections\commons-collections\3.2.1\commons-collections-3.2.1.jar;D:\javalibrary\repository\org\apache\commons\commons-lang3\3.3.2\commons-lang3-3.3.2.jar;D:\javalibrary\repository\net\sf\ezmorph\ezmorph\1.0.6\ezmorph-1.0.6.jar;D:\javalibrary\repository\commons-lang\commons-lang\2.3\commons-lang-2.3.jar;D:\javalibrary\repository\net\sf\json-lib\json-lib\2.2.3\json-lib-2.2.3-jdk15.jar;D:\javalibrary\repository\commons-beanutils\commons-beanutils\1.7.0\commons-beanutils-1.7.0.jar;D:\javalibrary\repository\org\apache\httpcomponents\httpclient\4.3.5\httpclient-4.3.5.jar;D:\javalibrary\repository\org\apache\httpcomponents\httpcore\4.3.2\httpcore-4.3.2.jar;D:\javalibrary\repository\org\apache\httpcomponents\httpmime\4.3.6\httpmime-4.3.6.jar;D:\javalibrary\repository\commons-fileupload\commons-fileupload\1.3.3\commons-fileupload-1.3.3.jar;D:\javalibrary\repository\commons-io\commons-io\2.6\commons-io-2.6.jar;D:\javalibrary\repository\org\thymeleaf\thymeleaf\3.0.6.RELEASE\thymeleaf-3.0.6.RELEASE.jar;D:\javalibrary\repository\ognl\ognl\3.1.12\ognl-3.1.12.jar;D:\javalibrary\repository\org\javassist\javassist\3.20.0-GA\javassist-3.20.0-GA.jar;D:\javalibrary\repository\org\attoparser\attoparser\2.0.4.RELEASE\attoparser-2.0.4.RELEASE.jar;D:\javalibrary\repository\org\unbescape\unbescape\1.1.4.RELEASE\unbescape-1.1.4.RELEASE.jar;D:\javalibrary\repository\org\slf4j\slf4j-api\1.6.6\slf4j-api-1.6.6.jar;D:\javalibrary\repository\org\thymeleaf\thymeleaf-spring4\3.0.6.RELEASE\thymeleaf-spring4-3.0.6.RELEASE.jar;D:\javalibrary\repository\org\projectlombok\lombok\1.18.4\lombok-1.18.4.jar;D:\javalibrary\repository\jstl\jstl\1.2\jstl-1.2.jar;D:\javalibrary\repository\javax\servlet\jsp\jsp-api\2.2\jsp-api-2.2.jar;D:\javalibrary\repository\com\fasterxml\jackson\core\jackson-databind\2.8.6\jackson-databind-2.8.6.jar;D:\javalibrary\repository\com\fasterxml\jackson\core\jackson-annotations\2.8.0\jackson-annotations-2.8.0.jar;D:\javalibrary\repository\com\fasterxml\jackson\core\jackson-core\2.8.6\jackson-core-2.8.6.jar;D:\javalibrary\repository\org\springframework\spring-webmvc\4.3.6.RELEASE\spring-webmvc-4.3.6.RELEASE.jar;D:\javalibrary\repository\org\springframework\spring-aop\4.3.6.RELEASE\spring-aop-4.3.6.RELEASE.jar;D:\javalibrary\repository\org\springframework\spring-beans\4.3.6.RELEASE\spring-beans-4.3.6.RELEASE.jar;D:\javalibrary\repository\org\springframework\spring-core\4.3.6.RELEASE\spring-core-4.3.6.RELEASE.jar;D:\javalibrary\repository\org\springframework\spring-expression\4.3.6.RELEASE\spring-expression-4.3.6.RELEASE.jar;D:\javalibrary\repository\org\springframework\spring-jdbc\4.3.6.RELEASE\spring-jdbc-4.3.6.RELEASE.jar;D:\javalibrary\repository\org\springframework\spring-tx\4.3.6.RELEASE\spring-tx-4.3.6.RELEASE.jar;D:\javalibrary\repository\org\springframework\spring-web\4.3.6.RELEASE\spring-web-4.3.6.RELEASE.jar;D:\javalibrary\repository\javax\servlet\javax.servlet-api\3.0.1\javax.servlet-api-3.0.1.jar;D:\javalibrary\repository\org\springframework\spring-context\4.3.6.RELEASE\spring-context-4.3.6.RELEASE.jar;D:\javalibrary\repository\com\alibaba\druid\1.0.26\druid-1.0.26.jar;C:\Program Files\Java\jdk1.8.0_51\jre\..\lib\jconsole.jar;C:\Program Files\Java\jdk1.8.0_51\jre\..\lib\tools.jar;D:\javalibrary\repository\org\mybatis\mybatis-spring\1.3.2\mybatis-spring-1.3.2.jar;D:\javalibrary\repository\org\mybatis\mybatis\3.4.6\mybatis-3.4.6.jar;D:\javalibrary\repository\mysql\mysql-connector-java\5.1.32\mysql-connector-java-5.1.32.jar;D:\javalibrary\repository\junit\junit\4.12\junit-4.12.jar;D:\javalibrary\repository\org\hamcrest\hamcrest-core\1.3\hamcrest-core-1.3.jar;"/>
    <property name="sun.cpu.endian" value="little"/>
    <property name="user.home" value="C:\Users\Administrator.USER-20190225JG"/>
    <property name="user.language" value="zh"/>
    <property name="java.specification.vendor" value="Oracle Corporation"/>
    <property name="java.home" value="C:\Program Files\Java\jdk1.8.0_51\jre"/>
    <property name="basedir" value="D:\javaTeacher\xuexiziliao\ideacode\j1902_fangfan_zhongchou"/>
    <property name="file.separator" value="\"/>
    <property name="line.separator" value="&#10;"/>
    <property name="java.vm.specification.vendor" value="Oracle Corporation"/>
    <property name="java.specification.name" value="Java Platform API Specification"/>
    <property name="java.awt.graphicsenv" value="sun.awt.Win32GraphicsEnvironment"/>
    <property name="surefire.real.class.path" value="C:\Users\ADMINI~1.USE\AppData\Local\Temp\surefire242876963275431291\surefirebooter5340750279079447360.jar"/>
    <property name="sun.boot.class.path" value="C:\Program Files\Java\jdk1.8.0_51\jre\lib\resources.jar;C:\Program Files\Java\jdk1.8.0_51\jre\lib\rt.jar;C:\Program Files\Java\jdk1.8.0_51\jre\lib\sunrsasign.jar;C:\Program Files\Java\jdk1.8.0_51\jre\lib\jsse.jar;C:\Program Files\Java\jdk1.8.0_51\jre\lib\jce.jar;C:\Program Files\Java\jdk1.8.0_51\jre\lib\charsets.jar;C:\Program Files\Java\jdk1.8.0_51\jre\lib\jfr.jar;C:\Program Files\Java\jdk1.8.0_51\jre\classes"/>
    <property name="user.script" value=""/>
    <property name="sun.management.compiler" value="HotSpot 64-Bit Tiered Compilers"/>
    <property name="java.runtime.version" value="1.8.0_51-b16"/>
    <property name="user.name" value="Administrator"/>
    <property name="path.separator" value=";"/>
    <property name="os.version" value="6.1"/>
    <property name="java.endorsed.dirs" value="C:\Program Files\Java\jdk1.8.0_51\jre\lib\endorsed"/>
    <property name="java.runtime.name" value="Java(TM) SE Runtime Environment"/>
    <property name="file.encoding" value="GBK"/>
    <property name="java.vm.name" value="Java HotSpot(TM) 64-Bit Server VM"/>
    <property name="localRepository" value="D:\javalibrary\repository"/>
    <property name="java.vendor.url.bug" value="http://bugreport.sun.com/bugreport/"/>
    <property name="java.io.tmpdir" value="C:\Users\ADMINI~1.USE\AppData\Local\Temp\"/>
    <property name="idea.version" value="2017.1.2"/>
    <property name="java.version" value="1.8.0_51"/>
    <property name="user.dir" value="D:\javaTeacher\xuexiziliao\ideacode\j1902_fangfan_zhongchou"/>
    <property name="os.arch" value="amd64"/>
    <property name="java.vm.specification.name" value="Java Virtual Machine Specification"/>
    <property name="java.awt.printerjob" value="sun.awt.windows.WPrinterJob"/>
    <property name="sun.os.patch.level" value="Service Pack 1"/>
    <property name="java.library.path" value="C:\Program Files\Java\jdk1.8.0_51\jre\bin;C:\Windows\Sun\Java\bin;C:\Windows\system32;C:\Windows;C:\ProgramData\Oracle\Java\javapath;C:\Windows\system32;C:\Windows;C:\Windows\System32\Wbem;C:\Windows\System32\WindowsPowerShell\v1.0\;C:\Program Files\Java\jdk1.8.0_51\bin;D:\mysql-5.7.17-winx64\bin;D:\javaTeacher\maven\apache-maven-3.3.9\bin;D:\nodeAPP\;C:\Users\Administrator.USER-20190225JG\AppData\Roaming\npm;D:\vue\Microsoft VS Code\bin;."/>
    <property name="java.vm.info" value="mixed mode"/>
    <property name="java.vendor" value="Oracle Corporation"/>
    <property name="java.vm.version" value="25.51-b03"/>
    <property name="java.ext.dirs" value="C:\Program Files\Java\jdk1.8.0_51\jre\lib\ext;C:\Windows\Sun\Java\lib\ext"/>
    <property name="sun.io.unicode.encoding" value="UnicodeLittle"/>
    <property name="maven.repo.local" value="D:\javalibrary\repository"/>
    <property name="java.class.version" value="52.0"/>
  </properties>
  <testcase name="test1" classname="com.qf.j1902.test.TagTest" time="3.533"/>
  <testcase name="test2" classname="com.qf.j1902.test.TagTest" time="1.022"/>
  <testcase name="test3" classname="com.qf.j1902.test.TagTest" time="0.003"/>
</testsuite>